Sat Sep 29 2018 23:54:06 GMT+0200 (CEST)  Method: GET  URL: /
Sun Sep 30 2018 00:05:43 GMT+0200 (CEST)  Method: GET  URL: /aboutt
Sun Sep 30 2018 00:06:00 GMT+0200 (CEST)  Method: GET  URL: /help
Sun Sep 30 2018 00:06:35 GMT+0200 (CEST)  Method: GET  URL: /help.html
Sun Sep 30 2018 00:13:28 GMT+0200 (CEST)  Method: GET  URL: /AngelosJson
Sun Sep 30 2018 00:13:34 GMT+0200 (CEST)  Method: GET  URL: /AngelosJSON
Sun Sep 30 2018 00:17:42 GMT+0200 (CEST)  Method: GET  URL: /AngelosJSON 
Sun Sep 30 2018 00:20:08 GMT+0200 (CEST)  Method: GET  URL: /bad 
Sun Sep 30 2018 00:23:04 GMT+0200 (CEST)  Method: GET  URL: /aboutt 
Sun Sep 30 2018 00:23:11 GMT+0200 (CEST)  Method: GET  URL: /help 
Sun Sep 30 2018 00:23:17 GMT+0200 (CEST)  Method: GET  URL: /help.html 
Sun Sep 30 2018 00:23:33 GMT+0200 (CEST)  Method: GET  URL: /about 
Sun Sep 30 2018 00:32:24 GMT+0200 (CEST)  Method: GET  URL: / 
Sun Sep 30 2018 00:32:27 GMT+0200 (CEST)  Method: GET  URL: /projects 
Sun Sep 30 2018 00:36:04 GMT+0200 (CEST)  Method: GET  URL: / 
Sun Sep 30 2018 00:46:19 GMT+0200 (CEST)  Method: GET  URL: / 
Sun Sep 30 2018 00:47:29 GMT+0200 (CEST)  Method: GET  URL: / 
Sun Sep 30 2018 00:47:35 GMT+0200 (CEST)  Method: GET  URL: / 
Sun Sep 30 2018 00:47:38 GMT+0200 (CEST)  Method: GET  URL: / 
Sun Sep 30 2018 00:50:00 GMT+0200 (CEST)  Method: GET  URL: / 
Sun Sep 30 2018 00:50:24 GMT+0200 (CEST)  Method: GET  URL: / 
Sun Sep 30 2018 00:53:09 GMT+0200 (CEST)  Method: GET  URL: / 
Sun Sep 30 2018 00:57:14 GMT+0200 (CEST)  Method: GET  URL: / 
Sun Sep 30 2018 00:57:14 GMT+0200 (CEST)  Method: GET  URL: /ang.js 
Sun Sep 30 2018 00:57:42 GMT+0200 (CEST)  Method: GET  URL: / 
Sun Sep 30 2018 00:57:42 GMT+0200 (CEST)  Method: GET  URL: /ang.js 
Sun Sep 30 2018 00:57:45 GMT+0200 (CEST)  Method: GET  URL: / 
Sun Sep 30 2018 00:57:45 GMT+0200 (CEST)  Method: GET  URL: /ang.js 
Sun Sep 30 2018 00:57:49 GMT+0200 (CEST)  Method: GET  URL: / 
Sun Sep 30 2018 00:57:49 GMT+0200 (CEST)  Method: GET  URL: /ang.js 
Sun Sep 30 2018 01:00:34 GMT+0200 (CEST)  Method: GET  URL: / 
Sun Sep 30 2018 01:00:34 GMT+0200 (CEST)  Method: GET  URL: /ang.js 
Sun Sep 30 2018 01:00:36 GMT+0200 (CEST)  Method: GET  URL: / 
Sun Sep 30 2018 01:00:36 GMT+0200 (CEST)  Method: GET  URL: /ang.js 
Sun Sep 30 2018 01:00:43 GMT+0200 (CEST)  Method: GET  URL: / 
Sun Sep 30 2018 01:00:43 GMT+0200 (CEST)  Method: GET  URL: /ang.js 
Sun Sep 30 2018 01:01:35 GMT+0200 (CEST)  Method: GET  URL: / 
Sun Sep 30 2018 01:01:35 GMT+0200 (CEST)  Method: GET  URL: /ang.js 
Sun Sep 30 2018 01:01:38 GMT+0200 (CEST)  Method: GET  URL: / 
Sun Sep 30 2018 01:01:38 GMT+0200 (CEST)  Method: GET  URL: /ang.js 
Sun Sep 30 2018 01:01:41 GMT+0200 (CEST)  Method: GET  URL: / 
Sun Sep 30 2018 01:01:41 GMT+0200 (CEST)  Method: GET  URL: /ang.js 
Sun Sep 30 2018 01:02:22 GMT+0200 (CEST)  Method: GET  URL: / 
Sun Sep 30 2018 01:02:22 GMT+0200 (CEST)  Method: GET  URL: /ang.js 
Sun Sep 30 2018 01:02:22 GMT+0200 (CEST)  Method: GET  URL: /ang.js 
Sun Sep 30 2018 01:02:23 GMT+0200 (CEST)  Method: GET  URL: / 
Sun Sep 30 2018 01:02:23 GMT+0200 (CEST)  Method: GET  URL: /ang.js 
Sun Sep 30 2018 01:02:23 GMT+0200 (CEST)  Method: GET  URL: /ang.js 
Sun Sep 30 2018 01:02:25 GMT+0200 (CEST)  Method: GET  URL: / 
Sun Sep 30 2018 01:02:25 GMT+0200 (CEST)  Method: GET  URL: /ang.js 
Sun Sep 30 2018 01:02:25 GMT+0200 (CEST)  Method: GET  URL: /ang.js 
Sun Sep 30 2018 01:02:37 GMT+0200 (CEST)  Method: GET  URL: / 
Sun Sep 30 2018 01:02:37 GMT+0200 (CEST)  Method: GET  URL: /ang.js 
Sun Sep 30 2018 01:02:37 GMT+0200 (CEST)  Method: GET  URL: /ang.js 
Sun Sep 30 2018 01:02:43 GMT+0200 (CEST)  Method: GET  URL: / 
Sun Sep 30 2018 01:02:43 GMT+0200 (CEST)  Method: GET  URL: /ang.js 
Sun Sep 30 2018 01:02:43 GMT+0200 (CEST)  Method: GET  URL: /ang.js 
Sun Sep 30 2018 01:02:44 GMT+0200 (CEST)  Method: GET  URL: / 
Sun Sep 30 2018 01:02:44 GMT+0200 (CEST)  Method: GET  URL: /ang.js 
Sun Sep 30 2018 01:02:44 GMT+0200 (CEST)  Method: GET  URL: /ang.js 
Sun Sep 30 2018 01:04:58 GMT+0200 (CEST)  Method: GET  URL: / 
Sun Sep 30 2018 01:04:58 GMT+0200 (CEST)  Method: GET  URL: /ang.js 
Sun Sep 30 2018 01:05:06 GMT+0200 (CEST)  Method: GET  URL: /help.html 
Sun Sep 30 2018 01:05:06 GMT+0200 (CEST)  Method: GET  URL: /ang.js 
Sun Sep 30 2018 01:07:08 GMT+0200 (CEST)  Method: GET  URL: / 
Sun Sep 30 2018 01:07:08 GMT+0200 (CEST)  Method: GET  URL: /ang.js 
Sun Sep 30 2018 01:11:40 GMT+0200 (CEST)  Method: GET  URL: / 
Sun Sep 30 2018 01:11:40 GMT+0200 (CEST)  Method: GET  URL: /ang.js 
Sun Sep 30 2018 01:16:53 GMT+0200 (CEST)  Method: GET  URL: / 
Sun Sep 30 2018 01:16:53 GMT+0200 (CEST)  Method: GET  URL: /ang.js 
Sun Sep 30 2018 01:16:53 GMT+0200 (CEST)  Method: GET  URL: /ang.js 
Sun Sep 30 2018 01:19:52 GMT+0200 (CEST)  Method: GET  URL: / 
Sun Sep 30 2018 01:19:52 GMT+0200 (CEST)  Method: GET  URL: /ang.js 
Sun Sep 30 2018 01:19:52 GMT+0200 (CEST)  Method: GET  URL: /ang.js 
Sun Sep 30 2018 01:19:55 GMT+0200 (CEST)  Method: GET  URL: / 
Sun Sep 30 2018 01:19:55 GMT+0200 (CEST)  Method: GET  URL: /ang.js 
Sun Sep 30 2018 01:19:55 GMT+0200 (CEST)  Method: GET  URL: /ang.js 
Sun Sep 30 2018 01:19:57 GMT+0200 (CEST)  Method: GET  URL: / 
Sun Sep 30 2018 01:19:57 GMT+0200 (CEST)  Method: GET  URL: /ang.js 
Sun Sep 30 2018 01:19:57 GMT+0200 (CEST)  Method: GET  URL: /ang.js 
Sun Sep 30 2018 01:19:59 GMT+0200 (CEST)  Method: GET  URL: / 
Sun Sep 30 2018 01:19:59 GMT+0200 (CEST)  Method: GET  URL: /ang.js 
Sun Sep 30 2018 01:19:59 GMT+0200 (CEST)  Method: GET  URL: /ang.js 
Sun Sep 30 2018 01:20:00 GMT+0200 (CEST)  Method: GET  URL: / 
Sun Sep 30 2018 01:20:00 GMT+0200 (CEST)  Method: GET  URL: /ang.js 
Sun Sep 30 2018 01:20:00 GMT+0200 (CEST)  Method: GET  URL: /ang.js 
Sun Sep 30 2018 01:20:03 GMT+0200 (CEST)  Method: GET  URL: / 
Sun Sep 30 2018 01:20:03 GMT+0200 (CEST)  Method: GET  URL: /ang.js 
Sun Sep 30 2018 01:20:03 GMT+0200 (CEST)  Method: GET  URL: /ang.js 
Sun Sep 30 2018 01:20:15 GMT+0200 (CEST)  Method: GET  URL: / 
Sun Sep 30 2018 01:20:16 GMT+0200 (CEST)  Method: GET  URL: /ang.js 
Sun Sep 30 2018 01:20:16 GMT+0200 (CEST)  Method: GET  URL: /ang.js 
Sun Sep 30 2018 01:20:17 GMT+0200 (CEST)  Method: GET  URL: / 
Sun Sep 30 2018 01:20:17 GMT+0200 (CEST)  Method: GET  URL: /ang.js 
Sun Sep 30 2018 01:20:17 GMT+0200 (CEST)  Method: GET  URL: /ang.js 
Sun Sep 30 2018 01:22:31 GMT+0200 (CEST)  Method: GET  URL: / 
Sun Sep 30 2018 01:22:40 GMT+0200 (CEST)  Method: GET  URL: /help.html 
Sun Sep 30 2018 01:22:40 GMT+0200 (CEST)  Method: GET  URL: /ang1.js 
Sun Sep 30 2018 01:23:22 GMT+0200 (CEST)  Method: GET  URL: /help.html 
Sun Sep 30 2018 01:23:22 GMT+0200 (CEST)  Method: GET  URL: /ang1.js 
Sun Sep 30 2018 01:25:58 GMT+0200 (CEST)  Method: GET  URL: /help.html 
Sun Sep 30 2018 01:25:58 GMT+0200 (CEST)  Method: GET  URL: /ang1.js 
Sun Sep 30 2018 01:26:52 GMT+0200 (CEST)  Method: GET  URL: /help.html 
Sun Sep 30 2018 01:26:52 GMT+0200 (CEST)  Method: GET  URL: /ang1.js 
Sun Sep 30 2018 01:30:30 GMT+0200 (CEST)  Method: GET  URL: /help.html 
Sun Sep 30 2018 01:30:30 GMT+0200 (CEST)  Method: GET  URL: /ang1.js 
Sun Sep 30 2018 01:31:07 GMT+0200 (CEST)  Method: GET  URL: /help.html 
Sun Sep 30 2018 01:31:07 GMT+0200 (CEST)  Method: GET  URL: /ang1.js 
Sun Sep 30 2018 01:40:23 GMT+0200 (CEST)  Method: GET  URL: /help.html 
Sun Sep 30 2018 01:40:23 GMT+0200 (CEST)  Method: GET  URL: /ang1.js 
Sun Sep 30 2018 01:40:37 GMT+0200 (CEST)  Method: GET  URL: / 
Sun Sep 30 2018 01:40:37 GMT+0200 (CEST)  Method: GET  URL: /ang2.js 
Sun Sep 30 2018 01:43:05 GMT+0200 (CEST)  Method: GET  URL: / 
Sun Sep 30 2018 01:44:19 GMT+0200 (CEST)  Method: GET  URL: / 
Sun Sep 30 2018 01:44:19 GMT+0200 (CEST)  Method: GET  URL: /ang2.js 
Sun Sep 30 2018 01:45:03 GMT+0200 (CEST)  Method: GET  URL: / 
Sun Sep 30 2018 01:45:03 GMT+0200 (CEST)  Method: GET  URL: /ang2.js 
Sun Sep 30 2018 01:45:03 GMT+0200 (CEST)  Method: GET  URL: /ang2.js 
Sun Sep 30 2018 01:59:14 GMT+0200 (CEST)  Method: GET  URL: / 
Sun Sep 30 2018 01:59:29 GMT+0200 (CEST)  Method: GET  URL: / 
Sun Sep 30 2018 01:59:45 GMT+0200 (CEST)  Method: GET  URL: / 
Sun Sep 30 2018 01:59:51 GMT+0200 (CEST)  Method: GET  URL: / 
Sun Sep 30 2018 01:59:55 GMT+0200 (CEST)  Method: GET  URL: / 
Sun Sep 30 2018 02:00:03 GMT+0200 (CEST)  Method: GET  URL: / 
Sun Sep 30 2018 02:00:04 GMT+0200 (CEST)  Method: GET  URL: / 
Sun Sep 30 2018 02:00:07 GMT+0200 (CEST)  Method: GET  URL: / 
Sun Sep 30 2018 02:00:08 GMT+0200 (CEST)  Method: GET  URL: / 
Sun Sep 30 2018 02:00:16 GMT+0200 (CEST)  Method: GET  URL: / 
Sun Sep 30 2018 02:00:17 GMT+0200 (CEST)  Method: GET  URL: / 
Sun Sep 30 2018 02:00:58 GMT+0200 (CEST)  Method: GET  URL: / 
Sun Sep 30 2018 02:01:01 GMT+0200 (CEST)  Method: GET  URL: / 
Sun Sep 30 2018 02:01:11 GMT+0200 (CEST)  Method: GET  URL: / 
Sun Sep 30 2018 02:01:12 GMT+0200 (CEST)  Method: GET  URL: / 
Sun Sep 30 2018 02:01:25 GMT+0200 (CEST)  Method: GET  URL: / 
Sun Sep 30 2018 02:01:26 GMT+0200 (CEST)  Method: GET  URL: / 
Sun Sep 30 2018 02:11:02 GMT+0200 (CEST)  Method: GET  URL: / 
Sun Sep 30 2018 02:11:04 GMT+0200 (CEST)  Method: GET  URL: / 
Sun Sep 30 2018 02:11:08 GMT+0200 (CEST)  Method: GET  URL: / 
Sun Sep 30 2018 02:18:13 GMT+0200 (CEST)  Method: GET  URL: / 
